2018-12-26 14:13:20,909 INFO  [Log] Staring Firfox Browser 
2018-12-26 14:13:32,583 INFO  [Log] Clicked on Contact Link 
2018-12-26 14:13:38,938 INFO  [Log] You are in Adda.io Contact us page 
2018-12-26 14:13:38,938 INFO  [Log] **************************************************************************************** 
2018-12-26 14:13:38,938 INFO  [Log] **************************************************************************************** 
2018-12-26 14:13:38,938 INFO  [Log] $$$$$$$$$$$$$$$$$$$$$                 verifyContactUsForm       $$$$$$$$$$$$$$$$$$$$$$$$$ 
2018-12-26 14:13:38,938 INFO  [Log] **************************************************************************************** 
2018-12-26 14:13:38,938 INFO  [Log] **************************************************************************************** 
2018-12-26 14:13:39,038 INFO  [Log] Switched to Contact Us IFrame 
2018-12-26 14:13:39,162 INFO  [Log] First and Last name entered 
2018-12-26 14:13:39,262 INFO  [Log] Phone Number entered 
2018-12-26 14:13:39,338 INFO  [Log] Email ID entered 
2018-12-26 14:13:39,685 INFO  [Log] Country Selected 
2018-12-26 14:13:39,991 INFO  [Log] Product Selected 
2018-12-26 14:13:40,028 INFO  [Log] Comments entered 
2018-12-26 14:13:45,779 INFO  [Log] Submit Button Clicked 
2018-12-26 14:13:45,779 INFO  [Log] XXXXXXXXXXXXXXXXXXXXXXX             -E---N---D-             XXXXXXXXXXXXXXXXXXXXXX 
2018-12-26 14:13:45,782 INFO  [Log] X 
2018-12-26 14:13:45,782 INFO  [Log] X 
2018-12-26 14:13:45,782 INFO  [Log] X 
2018-12-26 14:13:45,782 INFO  [Log] X 
2018-12-26 15:09:12,348 INFO  [Log] Staring Firfox Browser 
2018-12-26 15:09:24,808 INFO  [Log] Clicked on Contact Link 
2018-12-26 15:09:30,182 INFO  [Log] You are in Adda.io Contact us page 
2018-12-26 15:09:30,182 INFO  [Log] **************************************************************************************** 
2018-12-26 15:09:30,182 INFO  [Log] **************************************************************************************** 
2018-12-26 15:09:30,182 INFO  [Log] $$$$$$$$$$$$$$$$$$$$$                 verifyContactUsForm       $$$$$$$$$$$$$$$$$$$$$$$$$ 
2018-12-26 15:09:30,182 INFO  [Log] **************************************************************************************** 
2018-12-26 15:09:30,186 INFO  [Log] **************************************************************************************** 
2018-12-26 15:09:30,234 INFO  [Log] Switched to Contact Us IFrame 
2018-12-26 15:09:30,402 INFO  [Log] First and Last name entered 
2018-12-26 15:09:30,454 INFO  [Log] Phone Number entered 
2018-12-26 15:09:30,522 INFO  [Log] Email ID entered 
2018-12-26 15:09:30,865 INFO  [Log] Country Selected 
2018-12-26 15:09:31,204 INFO  [Log] Product Selected 
2018-12-26 15:09:31,245 INFO  [Log] Comments entered 
2018-12-26 15:09:36,987 INFO  [Log] Submit Button Clicked 
2018-12-26 15:09:36,991 INFO  [Log] XXXXXXXXXXXXXXXXXXXXXXX             -E---N---D-             XXXXXXXXXXXXXXXXXXXXXX 
2018-12-26 15:09:36,991 INFO  [Log] X 
2018-12-26 15:09:36,991 INFO  [Log] X 
2018-12-26 15:09:36,991 INFO  [Log] X 
2018-12-26 15:09:36,991 INFO  [Log] X 
2018-12-26 15:09:53,060 INFO  [Log] Staring Firfox Browser 
2018-12-26 15:10:06,794 INFO  [Log] Clicked on Contact Link 
2018-12-26 15:10:15,029 INFO  [Log] You are in Adda.io Contact us page 
2018-12-26 15:10:15,029 INFO  [Log] **************************************************************************************** 
2018-12-26 15:10:15,029 INFO  [Log] **************************************************************************************** 
2018-12-26 15:10:15,029 INFO  [Log] $$$$$$$$$$$$$$$$$$$$$                 verifyContactUsForm       $$$$$$$$$$$$$$$$$$$$$$$$$ 
2018-12-26 15:10:15,029 INFO  [Log] **************************************************************************************** 
2018-12-26 15:10:15,029 INFO  [Log] **************************************************************************************** 
2018-12-26 15:10:15,069 INFO  [Log] Switched to Contact Us IFrame 
2018-12-26 15:10:15,229 INFO  [Log] First and Last name entered 
2018-12-26 15:10:15,285 INFO  [Log] Phone Number entered 
2018-12-26 15:10:15,381 INFO  [Log] Email ID entered 
2018-12-26 15:10:15,797 INFO  [Log] Country Selected 
2018-12-26 15:10:16,088 INFO  [Log] Product Selected 
2018-12-26 15:10:16,128 INFO  [Log] Comments entered 
2018-12-26 15:10:21,893 INFO  [Log] Submit Button Clicked 
2018-12-26 15:10:21,893 INFO  [Log] XXXXXXXXXXXXXXXXXXXXXXX             -E---N---D-             XXXXXXXXXXXXXXXXXXXXXX 
2018-12-26 15:10:21,893 INFO  [Log] X 
2018-12-26 15:10:21,893 INFO  [Log] X 
2018-12-26 15:10:21,893 INFO  [Log] X 
2018-12-26 15:10:21,893 INFO  [Log] X 
2018-12-26 15:10:24,322 INFO  [Log] Staring Firfox Browser 
2018-12-26 15:10:36,343 INFO  [Log] **************************************************************************************** 
2018-12-26 15:10:36,343 INFO  [Log] **************************************************************************************** 
2018-12-26 15:10:36,343 INFO  [Log] $$$$$$$$$$$$$$$$$$$$$                 loginToResidence       $$$$$$$$$$$$$$$$$$$$$$$$$ 
2018-12-26 15:10:36,343 INFO  [Log] **************************************************************************************** 
2018-12-26 15:10:36,343 INFO  [Log] **************************************************************************************** 
2018-12-26 15:10:37,009 INFO  [Log] Entered Username and Password Successfully 
2018-12-26 15:10:37,349 INFO  [Log] Logged in as residence Successfully 
2018-12-26 15:10:37,349 INFO  [Log] XXXXXXXXXXXXXXXXXXXXXXX             -E---N---D-             XXXXXXXXXXXXXXXXXXXXXX 
2018-12-26 15:10:37,349 INFO  [Log] X 
2018-12-26 15:10:37,349 INFO  [Log] X 
2018-12-26 15:10:37,349 INFO  [Log] X 
2018-12-26 15:10:37,349 INFO  [Log] X 
2018-12-26 15:10:46,046 INFO  [Log] Logged in as Admin Successfully 
2018-12-26 15:10:47,759 INFO  [Log] Back to residence URL 
2018-12-26 15:18:10,872 INFO  [Log] Staring Firfox Browser 
2018-12-26 15:18:29,458 INFO  [Log] Staring Firfox Browser 
2018-12-26 15:18:47,132 INFO  [Log] Staring Firfox Browser 
2018-12-26 15:18:57,580 INFO  [Log] Clicked on Contact Link 
2018-12-26 15:19:04,602 INFO  [Log] You are in Adda.io Contact us page 
2018-12-26 15:19:04,602 INFO  [Log] **************************************************************************************** 
2018-12-26 15:19:04,602 INFO  [Log] **************************************************************************************** 
2018-12-26 15:19:04,602 INFO  [Log] $$$$$$$$$$$$$$$$$$$$$                 verifyContactUsForm       $$$$$$$$$$$$$$$$$$$$$$$$$ 
2018-12-26 15:19:04,602 INFO  [Log] **************************************************************************************** 
2018-12-26 15:19:04,602 INFO  [Log] **************************************************************************************** 
2018-12-26 15:19:04,634 INFO  [Log] Switched to Contact Us IFrame 
2018-12-26 15:19:04,766 INFO  [Log] First and Last name entered 
2018-12-26 15:19:04,849 INFO  [Log] Phone Number entered 
2018-12-26 15:19:04,929 INFO  [Log] Email ID entered 
2018-12-26 15:19:05,373 INFO  [Log] Country Selected 
2018-12-26 15:19:05,654 INFO  [Log] Product Selected 
2018-12-26 15:19:05,691 INFO  [Log] Comments entered 
2018-12-26 15:19:11,449 INFO  [Log] Submit Button Clicked 
2018-12-26 15:19:11,449 INFO  [Log] XXXXXXXXXXXXXXXXXXXXXXX             -E---N---D-             XXXXXXXXXXXXXXXXXXXXXX 
2018-12-26 15:19:11,449 INFO  [Log] X 
2018-12-26 15:19:11,449 INFO  [Log] X 
2018-12-26 15:19:11,449 INFO  [Log] X 
2018-12-26 15:19:11,453 INFO  [Log] X 
2018-12-26 15:19:13,516 INFO  [Log] Staring Firfox Browser 
2018-12-26 15:19:26,653 INFO  [Log] **************************************************************************************** 
2018-12-26 15:19:26,653 INFO  [Log] **************************************************************************************** 
2018-12-26 15:19:26,653 INFO  [Log] $$$$$$$$$$$$$$$$$$$$$                 loginToResidence       $$$$$$$$$$$$$$$$$$$$$$$$$ 
2018-12-26 15:19:26,653 INFO  [Log] **************************************************************************************** 
2018-12-26 15:19:26,653 INFO  [Log] **************************************************************************************** 
2018-12-26 15:19:27,249 INFO  [Log] Entered Username and Password Successfully 
2018-12-26 15:19:27,797 INFO  [Log] Logged in as residence Successfully 
2018-12-26 15:19:27,797 INFO  [Log] XXXXXXXXXXXXXXXXXXXXXXX             -E---N---D-             XXXXXXXXXXXXXXXXXXXXXX 
2018-12-26 15:19:27,797 INFO  [Log] X 
2018-12-26 15:19:27,797 INFO  [Log] X 
2018-12-26 15:19:27,797 INFO  [Log] X 
2018-12-26 15:19:27,797 INFO  [Log] X 
2018-12-26 15:23:54,798 INFO  [Log] Staring Firfox Browser 
2018-12-26 15:24:07,678 INFO  [Log] **************************************************************************************** 
2018-12-26 15:24:07,678 INFO  [Log] **************************************************************************************** 
2018-12-26 15:24:07,678 INFO  [Log] $$$$$$$$$$$$$$$$$$$$$                 loginToResidence       $$$$$$$$$$$$$$$$$$$$$$$$$ 
2018-12-26 15:24:07,678 INFO  [Log] **************************************************************************************** 
2018-12-26 15:24:07,678 INFO  [Log] **************************************************************************************** 
2018-12-26 15:24:08,435 INFO  [Log] Entered Username and Password Successfully 
2018-12-26 15:24:08,883 INFO  [Log] Logged in as residence Successfully 
2018-12-26 15:24:08,883 INFO  [Log] XXXXXXXXXXXXXXXXXXXXXXX             -E---N---D-             XXXXXXXXXXXXXXXXXXXXXX 
2018-12-26 15:24:08,883 INFO  [Log] X 
2018-12-26 15:24:08,883 INFO  [Log] X 
2018-12-26 15:24:08,883 INFO  [Log] X 
2018-12-26 15:24:08,884 INFO  [Log] X 
2018-12-26 15:24:17,506 INFO  [Log] Staring Firfox Browser 
2018-12-26 15:24:35,437 INFO  [Log] Staring Firfox Browser 
2018-12-26 15:24:54,541 INFO  [Log] Staring Firfox Browser 
2018-12-26 15:25:06,426 INFO  [Log] Clicked on Contact Link 
2018-12-26 15:25:12,834 INFO  [Log] You are in Adda.io Contact us page 
2018-12-26 15:25:12,834 INFO  [Log] **************************************************************************************** 
2018-12-26 15:25:12,834 INFO  [Log] **************************************************************************************** 
2018-12-26 15:25:12,834 INFO  [Log] $$$$$$$$$$$$$$$$$$$$$                 verifyContactUsForm       $$$$$$$$$$$$$$$$$$$$$$$$$ 
2018-12-26 15:25:12,834 INFO  [Log] **************************************************************************************** 
2018-12-26 15:25:12,834 INFO  [Log] **************************************************************************************** 
2018-12-26 15:25:12,918 INFO  [Log] Switched to Contact Us IFrame 
2018-12-26 15:25:13,006 INFO  [Log] First and Last name entered 
2018-12-26 15:25:13,050 INFO  [Log] Phone Number entered 
2018-12-26 15:25:13,101 INFO  [Log] Email ID entered 
2018-12-26 15:25:13,425 INFO  [Log] Country Selected 
2018-12-26 15:25:13,697 INFO  [Log] Product Selected 
2018-12-26 15:25:13,753 INFO  [Log] Comments entered 
2018-12-26 15:25:19,530 INFO  [Log] Submit Button Clicked 
2018-12-26 15:25:19,530 INFO  [Log] XXXXXXXXXXXXXXXXXXXXXXX             -E---N---D-             XXXXXXXXXXXXXXXXXXXXXX 
2018-12-26 15:25:19,530 INFO  [Log] X 
2018-12-26 15:25:19,530 INFO  [Log] X 
2018-12-26 15:25:19,530 INFO  [Log] X 
2018-12-26 15:25:19,530 INFO  [Log] X 
2018-12-26 15:25:47,597 INFO  [Log] Staring Firfox Browser 
2018-12-26 15:26:00,396 INFO  [Log] **************************************************************************************** 
2018-12-26 15:26:00,396 INFO  [Log] **************************************************************************************** 
2018-12-26 15:26:00,400 INFO  [Log] $$$$$$$$$$$$$$$$$$$$$                 loginToResidence       $$$$$$$$$$$$$$$$$$$$$$$$$ 
2018-12-26 15:26:00,400 INFO  [Log] **************************************************************************************** 
2018-12-26 15:26:00,400 INFO  [Log] **************************************************************************************** 
2018-12-26 15:26:01,114 INFO  [Log] Entered Username and Password Successfully 
2018-12-26 15:26:01,458 INFO  [Log] Logged in as residence Successfully 
2018-12-26 15:26:01,458 INFO  [Log] XXXXXXXXXXXXXXXXXXXXXXX             -E---N---D-             XXXXXXXXXXXXXXXXXXXXXX 
2018-12-26 15:26:01,458 INFO  [Log] X 
2018-12-26 15:26:01,458 INFO  [Log] X 
2018-12-26 15:26:01,458 INFO  [Log] X 
2018-12-26 15:26:01,458 INFO  [Log] X 
2018-12-26 15:26:13,841 INFO  [Log] Logged in as Admin Successfully 
2018-12-26 15:26:16,151 INFO  [Log] Back to residence URL 
2018-12-26 15:26:18,706 INFO  [Log] Logged Out Successfully 
2018-12-26 15:26:21,412 INFO  [Log] Clicked on Contact Link 
2018-12-26 15:26:27,073 INFO  [Log] You are in Adda.io Contact us page 
2018-12-26 15:26:27,073 INFO  [Log] **************************************************************************************** 
2018-12-26 15:26:27,073 INFO  [Log] **************************************************************************************** 
2018-12-26 15:26:27,073 INFO  [Log] $$$$$$$$$$$$$$$$$$$$$                 verifyContactUsForm       $$$$$$$$$$$$$$$$$$$$$$$$$ 
2018-12-26 15:26:27,073 INFO  [Log] **************************************************************************************** 
2018-12-26 15:26:27,073 INFO  [Log] **************************************************************************************** 
2018-12-26 15:26:27,209 INFO  [Log] Switched to Contact Us IFrame 
2018-12-26 15:26:27,352 INFO  [Log] First and Last name entered 
2018-12-26 15:26:27,404 INFO  [Log] Phone Number entered 
2018-12-26 15:26:27,476 INFO  [Log] Email ID entered 
2018-12-26 15:26:27,928 INFO  [Log] Country Selected 
2018-12-26 15:26:28,211 INFO  [Log] Product Selected 
2018-12-26 15:26:28,283 INFO  [Log] Comments entered 
2018-12-26 15:26:34,161 INFO  [Log] Submit Button Clicked 
2018-12-26 15:26:34,161 INFO  [Log] XXXXXXXXXXXXXXXXXXXXXXX             -E---N---D-             XXXXXXXXXXXXXXXXXXXXXX 
2018-12-26 15:26:34,161 INFO  [Log] X 
2018-12-26 15:26:34,161 INFO  [Log] X 
2018-12-26 15:26:34,161 INFO  [Log] X 
2018-12-26 15:26:34,161 INFO  [Log] X 
2018-12-28 12:22:03,509 INFO  [Log] Staring Firfox Browser 
2018-12-28 12:23:18,929 INFO  [Log] Staring Firfox Browser 
2018-12-28 12:24:35,486 INFO  [Log] Staring Firfox Browser 
2018-12-28 12:27:52,779 INFO  [Log] Staring Firfox Browser 
2018-12-28 12:44:23,794 INFO  [Log] Staring Firfox Browser 
2018-12-28 14:16:23,985 INFO  [Log] Staring Firfox Browser 
2018-12-28 14:19:21,748 INFO  [Log] Staring Firfox Browser 
2018-12-28 14:21:08,707 INFO  [Log] Staring Firfox Browser 
2018-12-28 14:25:39,951 INFO  [Log] Staring Firfox Browser 
2018-12-28 14:32:24,878 INFO  [Log] Staring Firfox Browser 
2018-12-28 14:33:15,018 INFO  [Log] Staring Firfox Browser 
2018-12-28 14:34:49,374 INFO  [Log] Staring Firfox Browser 
2018-12-28 14:36:18,484 INFO  [Log] Staring Firfox Browser 
2018-12-28 14:39:06,007 INFO  [Log] Staring Firfox Browser 
2018-12-28 15:02:32,897 INFO  [Log] Staring Firfox Browser 
2018-12-28 15:29:41,783 INFO  [Log] Staring Firfox Browser 
2018-12-28 15:31:52,316 INFO  [Log] Staring Firfox Browser 
2018-12-28 16:08:00,356 INFO  [Log] Staring Firfox Browser 
2018-12-28 16:17:06,812 INFO  [Log] Staring Firfox Browser 
2018-12-28 17:35:41,209 INFO  [Log] Staring Firfox Browser 
2018-12-28 17:37:09,793 INFO  [Log] Staring Firfox Browser 
2018-12-28 17:38:48,335 INFO  [Log] Staring Firfox Browser 
2018-12-28 17:45:49,349 INFO  [Log] Staring Firfox Browser 
2018-12-28 18:13:42,215 INFO  [Log] Staring Firfox Browser 
2018-12-28 18:15:39,464 INFO  [Log] Staring Firfox Browser 
